
> @beam/cli@0.1.0 build
> tsup src/index.ts --format esm,cjs --dts

[34mCLI[39m Building entry: src/index.ts
[34mCLI[39m Using tsconfig: tsconfig.json
[34mCLI[39m tsup v8.5.1
[34mCLI[39m Using tsup config: /Users/byronwade/beam.byronwade.com/packages/cli/tsup.config.ts
[34mCLI[39m Target: node18
[34mCLI[39m Cleaning output folder
[34mESM[39m Build start
[34mCJS[39m Build start
[32mESM[39m [1mdist/index.js     [22m[32m5.46 KB[39m
[32mESM[39m [1mdist/index.js.map [22m[32m10.34 KB[39m
[32mESM[39m ⚡️ Build success in 73ms
[32mCJS[39m [1mdist/index.cjs     [22m[32m6.90 KB[39m
[32mCJS[39m [1mdist/index.cjs.map [22m[32m10.43 KB[39m
[32mCJS[39m ⚡️ Build success in 73ms
[34mDTS[39m Build start
[32mDTS[39m ⚡️ Build success in 1452ms
[32mDTS[39m [1mdist/index.d.ts  [22m[32m20.00 B[39m
[32mDTS[39m [1mdist/index.d.cts [22m[32m20.00 B[39m
