
> @byronwade/beam@0.1.0 lint
> eslint .


/Users/byronwade/beam.byronwade.com/packages/cli/src/index.ts
    3:17  error  'ChildProcess' is defined but never used          @typescript-eslint/no-unused-vars
    3:31  error  'execSync' is defined but never used              @typescript-eslint/no-unused-vars
   14:7   error  'CONFIG_PATH' is assigned a value but never used  @typescript-eslint/no-unused-vars
   53:57  error  Unexpected any. Specify a different type          @typescript-eslint/no-explicit-any
  104:19  error  Unexpected any. Specify a different type          @typescript-eslint/no-explicit-any
  185:15  error  Unexpected any. Specify a different type          @typescript-eslint/no-explicit-any
  257:39  error  Unexpected any. Specify a different type          @typescript-eslint/no-explicit-any
  278:13  error  'res' is defined but never used                   @typescript-eslint/no-unused-vars
  364:17  error  Unexpected any. Specify a different type          @typescript-eslint/no-explicit-any

/Users/byronwade/beam.byronwade.com/packages/cli/src/tunnel.ts
  4:8  error  'os' is defined but never used  @typescript-eslint/no-unused-vars

/Users/byronwade/beam.byronwade.com/packages/cli/test/cli.test.ts
    1:53  error  'beforeEach' is defined but never used          @typescript-eslint/no-unused-vars
    2:17  error  'execSync' is defined but never used            @typescript-eslint/no-unused-vars
    6:13  error  'https' is defined but never used               @typescript-eslint/no-unused-vars
   35:34  error  'startPort' is assigned a value but never used  @typescript-eslint/no-unused-vars
  241:21  error  Unexpected any. Specify a different type        @typescript-eslint/no-explicit-any

/Users/byronwade/beam.byronwade.com/packages/cli/test/https.test.ts
  256:7  error  'errorOccurred' is assigned a value but never used  @typescript-eslint/no-unused-vars

/Users/byronwade/beam.byronwade.com/packages/cli/test/performance.test.ts
   97:13  error  'body' is assigned a value but never used          @typescript-eslint/no-unused-vars
  177:16  error  'e' is defined but never used                      @typescript-eslint/no-unused-vars
  453:34  error  'reject' is defined but never used                 @typescript-eslint/no-unused-vars
  468:13  error  'responseSize' is assigned a value but never used  @typescript-eslint/no-unused-vars
  479:24  error  'err' is defined but never used                    @typescript-eslint/no-unused-vars

/Users/byronwade/beam.byronwade.com/packages/cli/test/stress.test.ts
   4:8   error  'path' is defined but never used          @typescript-eslint/no-unused-vars
  14:19  error  Unexpected any. Specify a different type  @typescript-eslint/no-explicit-any
  39:19  error  Unexpected any. Specify a different type  @typescript-eslint/no-explicit-any
  66:19  error  Unexpected any. Specify a different type  @typescript-eslint/no-explicit-any

✖ 25 problems (25 errors, 0 warnings)

npm error Lifecycle script `lint` failed with error:
npm error code 1
npm error path /Users/byronwade/beam.byronwade.com/packages/cli
npm error workspace @byronwade/beam@0.1.0
npm error location /Users/byronwade/beam.byronwade.com/packages/cli
npm error command failed
npm error command sh -c eslint .
