
> @beam/web@0.1.0 build
> next build

 ⚠ `experimental.middlewarePrefetch` is deprecated. Please use `experimental.proxyPrefetch` instead in next.config.ts.
   ▲ Next.js 16.0.7 (Turbopack)
   - Environments: .env.local
   - Experiments (use with caution):
     · middlewarePrefetch: "flexible"

   Creating an optimized production build ...
 ✓ Compiled successfully in 2.7s
   Running TypeScript ...
   Collecting page data using 9 workers ...
 ⚠ Using edge runtime on a page currently disables static generation for that page
   Generating static pages using 9 workers (0/5) ...
   Generating static pages using 9 workers (1/5) 
   Generating static pages using 9 workers (2/5) 
   Generating static pages using 9 workers (3/5) 
 ✓ Generating static pages using 9 workers (5/5) in 351.2ms
   Finalizing page optimization ...

Route (app)
┌ ○ /
├ ○ /_not-found
├ ƒ /api/tunnel
└ ○ /dashboard


○  (Static)   prerendered as static content
ƒ  (Dynamic)  server-rendered on demand

