

> @byronwade/beam-vite@1.1.34 build
> tsup src/index.ts --format cjs,esm --dts

[34mCLI[39m Building entry: src/index.ts
[34mCLI[39m Using tsconfig: tsconfig.json
[34mCLI[39m tsup v8.5.1
[34mCLI[39m Using tsup config: /Users/byronwade/beam.byronwade.com/packages/vite-plugin/tsup.config.ts
[34mCLI[39m Target: es2020
[34mCLI[39m Cleaning output folder
[34mCJS[39m Build start
[34mESM[39m Build start
[32mESM[39m [1mdist/index.mjs [22m[32m580.00 B[39m
[32mESM[39m ⚡️ Build success in 22ms
[32mCJS[39m [1mdist/index.js [22m[32m1.02 KB[39m
[32mCJS[39m ⚡️ Build success in 22ms
DTS Build start
DTS ⚡️ Build success in 1474ms
DTS dist/index.d.ts  225.00 B
DTS dist/index.d.mts 225.00 B
⠙[1G[0K
